<?xml version="1.0" encoding="UTF-8"?>
<!-- Generated by org.testng.reporters.JUnitXMLReporter -->
<testsuite hostname="thunderdome" name="Command line test" tests="12" failures="1" timestamp="3 Feb 2016 15:57:08 GMT" time="13.671" errors="0">
  <testcase name="@BeforeClass setUp" time="0.0" classname="com.bility.test.sanityTests.TestA">
    <failure type="org.testng.TestNGException" message="
Parameter &amp;apos;browserType&amp;apos; is required by @Configuration on method setUp but has not been marked @Optional or defined
">
      <![CDATA[org.testng.TestNGException: 
Parameter 'browserType' is required by @Configuration on method setUp but has not been marked @Optional or defined

... Removed 31 stack frames]]>
    </failure>
  </testcase> <!-- @BeforeClass setUp -->
  <testcase name="@BeforeClass setUp" time="0.0" classname="com.bility.test.regressionTests.YahooTest">
    <failure type="org.testng.TestNGException" message="
Parameter &amp;apos;browserType&amp;apos; is required by @Configuration on method setUp but has not been marked @Optional or defined
">
      <![CDATA[org.testng.TestNGException: 
Parameter 'browserType' is required by @Configuration on method setUp but has not been marked @Optional or defined

... Removed 31 stack frames]]>
    </failure>
  </testcase> <!-- @BeforeClass setUp -->
  <testcase name="firstTestCaseA" time="0.004" classname="com.bility.test.sanityTests.TestA">
    <skipped/>
  </testcase> <!-- firstTestCaseA -->
  <testcase name="secondWebSiteA" time="0.0" classname="com.bility.test.sanityTests.TestA">
    <skipped/>
  </testcase> <!-- secondWebSiteA -->
  <testcase name="testYahooSearch" time="0.0" classname="com.bility.test.sanityTests.TestA">
    <skipped/>
  </testcase> <!-- testYahooSearch -->
  <testcase name="thirdTestCaseA" time="0.0" classname="com.bility.test.sanityTests.TestA">
    <skipped/>
  </testcase> <!-- thirdTestCaseA -->
  <testcase name="fifthTestCaseB" time="2.006" classname="com.bility.test.sanityTests.TestB"/>
  <testcase name="firstTestCaseB" time="2.005" classname="com.bility.test.sanityTests.TestB"/>
  <testcase name="fourthTestCaseB" time="2.003" classname="com.bility.test.sanityTests.TestB"/>
  <testcase name="secondTestCaseB" time="0.504" classname="com.bility.test.sanityTests.TestB">
    <failure type="java.lang.AssertionError" message="Failing this Test">
      <![CDATA[java.lang.AssertionError: Failing this Test
	at com.bility.test.sanityTests.TestB.secondTestCaseB(TestB.java:24)
... Removed 35 stack frames]]>
    </failure>
  </testcase> <!-- secondTestCaseB -->
  <testcase name="thirdTestCaseB" time="2.005" classname="com.bility.test.sanityTests.TestB"/>
  <testcase name="firstTestCaseB" time="0.106" classname="com.bility.test.sanityTests.TestC"/>
  <testcase name="secondTestCaseB" time="5.006" classname="com.bility.test.sanityTests.TestC">
    <skipped/>
  </testcase> <!-- secondTestCaseB -->
  <testcase name="yahooSearch" time="0.0" classname="com.bility.test.regressionTests.YahooTest">
    <skipped/>
  </testcase> <!-- yahooSearch -->
</testsuite> <!-- Command line test -->
