<!DOCTYPE html PUBLIC  -//W3C//DTD XHTML 1.1//ENhttp://www.w3.org/TR/xhtml11/DTD/xhtml11.dtd>
<html xmlns=http://www.w3.org/1999/xhtml>
<head>
<title>TestNG Report</title>
<style type='text / css'>
table {margin-bottom:10px;border-collapse:collapse;empty-cells:show}
td,th {border:1px solid #009;padding:.25em .5em}
.result th {vertical-align:bottom}
.param th {padding-left:1em;padding-right:1em}
.param td {padding-left:.5em;padding-right:2em}
.stripe td,.stripe th {background-color: #E6EBF9}
.numi,.numi_attn {text-align:right}
.total td {font-weight:bold}
.passedodd td {background-color: #0A0}
.passedeven td {background-color: #3F3}
.skippedodd td {background-color: #CCC}
.skippedodd td {background-color: #DDD}
.failedodd td,.numi_attn {background-color: #F33}
.failedeven td,.stripe .numi_attn {background-color: #D00}
.stacktrace {white-space:pre;font-family:monospace}
.totop {font-size:85%;text-align:center;border-bottom:2px solid #000}
</style>
</head>
<body>
<center><h1>TestNG Customized Report - 2016/02/03 14:33:29</h1></center><table cellspacing='0' cellpadding='0' class=testOverview>
<tr><th>Test</th><th>Methods<br/>Passed</th><th># skipped</th><th># failed</th><th>Browser</th><th>Start<br/>Time</th><th>End<br/>Time</th><th>Total<br/>Time(hh:mm:ss)</th><th>Included<br/>Groups</th><th>Excluded<br/>Groups</th></tr>
<tr><th colspan=10>Main Test Suite</th></tr>
<tr><td style= text - align:left;padding - right:2e m ><a href=#t 1 ><b > Sanity Test Group </b ></a >  </td > <td class=numi>8</td><td class=numi_attn>1</td><td class=numi_attn>2</td><td class=numi>safari</td></td>
<td class=numi>02:33:19</td></td>
<td class=numi>02:33:29</td></td>
<td class=numi>00:00:10</td><td class=numi>all smoke sanity functest </td><td class=numi></td></tr>
</table>
<table cellspacing='0' cellpadding='0' class=methodOverview id=summary>
<tr><th>Class</th><th>Method</th><th>Exception Info</th><th>Start Time </th><th>Execution Time<br/>(hh:mm:ss)</th></tr>
<tr><th colspan=5>Main Test Suite</th></tr>
<tr id=t1><th colspan=5>Sanity Test Group &#8212; failed</th></tr>
<tr class=failedodd > <td>com.bility.test.sanityTests.TestA</td><td><a href=#m1 > <b>secondWebSiteA</b> (sanity) </a></td><td class='numi + style='text - align:left;padding - right:2e m>org.openqa.selenium.NoSuchElementException: Could not find element: {&quot;using&quot;:&quot;id&quot;,&quot;value&quot;:&quot;test&quot;} (WARNING: The server did not provide any stacktrace information)<br/></td><td style='text - align:right' >02:33:26</td><td class='numi'>00:00:01</td></tr>
<tr class=failedeven><td>com.bility.test.sanityTests.TestB</td><td><a href=#m2 > <b>secondTestCaseB</b> (sanity) </a></td><td class='numi + style='text - align:left;padding - right:2e m>java.lang.AssertionError: Failing this Test<br/></td><td style='text - align:right' >02:33:25</td><td class='numi'>00:00:00</td></tr>
<tr><th colspan=5>Sanity Test Group &#8212; skipped</th></tr>
<tr class=skippedodd><td>com.bility.test.sanityTests.TestC</td><td><a href=#m3 > <b>secondTestCaseB</b> (sanity) </a></td><td class='numi + style='text - align:left;padding - right:2e m>org.testng.SkipException: Skipping this test with exception<br/></td><td style='text - align:right' >02:33:19</td><td class='numi'>00:00:05</td></tr>
<tr><th colspan=5>Sanity Test Group &#8212; passed</th></tr>
<tr class=passedodd > <td rowspan=3>com.bility.test.sanityTests.TestA</td><td><a href=#m4 > <b>firstTestCaseA</b> (smoke) </a></td><td class='numi + style='text - align:left;padding - right:2e m><br/></td><td style='text - align:right' >02:33:24</td><td class='numi'>00:00:02</td></tr><tr class=passedodd > <td><a href=#m5 > <b>testYahooSearch</b> (sanity) </a></td><td class='numi + style='text - align:left;padding - right:2e m><br/></td><td style='text - align:right' >02:33:27</td><td class='numi'>00:00:00</td></tr><tr class=passedodd > <td><a href=#m6 > <b>thirdTestCaseA</b> (sanity) </a></td><td class='numi + style='text - align:left;padding - right:2e m><br/></td><td style='text - align:right' >02:33:27</td><td class='numi'>00:00:02</td></tr>
<tr class=passedeven > <td rowspan=4>com.bility.test.sanityTests.TestB</td><td><a href=#m7 > <b>fifthTestCaseB</b> (sanity) </a></td><td class='numi + style='text - align:left;padding - right:2e m><br/></td><td style='text - align:right' >02:33:19</td><td class='numi'>00:00:02</td></tr><tr class=passedeven > <td><a href=#m8 > <b>firstTestCaseB</b> (sanity) </a></td><td class='numi + style='text - align:left;padding - right:2e m><br/></td><td style='text - align:right' >02:33:21</td><td class='numi'>00:00:02</td></tr><tr class=passedeven > <td><a href=#m9 > <b>fourthTestCaseB</b> (sanity) </a></td><td class='numi + style='text - align:left;padding - right:2e m><br/></td><td style='text - align:right' >02:33:23</td><td class='numi'>00:00:02</td></tr><tr class=passedeven > <td><a href=#m10 > <b>thirdTestCaseB</b> (sanity) </a></td><td class='numi + style='text - align:left;padding - right:2e m><br/></td><td style='text - align:right' >02:33:25</td><td class='numi'>00:00:02</td></tr>
<tr class=passedodd><td>com.bility.test.sanityTests.TestC</td><td><a href=#m11 > <b>firstTestCaseB</b> (sanity) </a></td><td class='numi + style='text - align:left;padding - right:2e m><br/></td><td style='text - align:right' >02:33:19</td><td class='numi'>00:00:00</td></tr>
</table>
<h1>Sanity Test Group</h1>
<h2 id=m1>com.bility.test.sanityTests.TestA:secondWebSiteA</h2>
<div>
<div class=stacktrace>org.openqa.selenium.NoSuchElementException: Could not find element: {&quot;using&quot;:&quot;id&quot;,&quot;value&quot;:&quot;test&quot;} (WARNING: The server did not provide any stacktrace information)
Command duration or timeout: 14 milliseconds
For documentation on this error, please visit: http://seleniumhq.org/exceptions/no_such_element.html
Build info: version: &apos;2.49.1&apos;, revision: &apos;808c23b0963853d375cbe54b90bbd052e2528a54&apos;, time: &apos;2016-01-21 09:37:52&apos;
System info: host: &apos;thunderdome&apos;, ip: &apos;192.168.0.7&apos;, os.name: &apos;Mac OS X&apos;, os.arch: &apos;x86_64&apos;, os.version: &apos;10.10.5&apos;, java.version: &apos;1.8.0_45&apos;
Driver info: org.openqa.selenium.safari.SafariDriver
Capabilities [{browserName=safari, takesScreenshot=true, javascriptEnabled=true, version=9.0.1, cssSelectorsEnabled=true, platform=MAC, secureSsl=true}]
Session ID: null
*** Element info: {Using=id, value=test}
	at sun.reflect.NativeConstructorAccessorImpl.newInstance0(Native Method)
	at sun.reflect.NativeConstructorAccessorImpl.newInstance(NativeConstructorAccessorImpl.java:62)
	at sun.reflect.DelegatingConstructorAccessorImpl.newInstance(DelegatingConstructorAccessorImpl.java:45)
	at java.lang.reflect.Constructor.newInstance(Constructor.java:422)
	at org.openqa.selenium.remote.ErrorHandler.createThrowable(ErrorHandler.java:206)
	at org.openqa.selenium.remote.ErrorHandler.throwIfResponseFailed(ErrorHandler.java:158)
	at org.openqa.selenium.remote.RemoteWebDriver.execute(RemoteWebDriver.java:678)
	at org.openqa.selenium.remote.RemoteWebDriver.findElement(RemoteWebDriver.java:363)
	at org.openqa.selenium.remote.RemoteWebDriver.findElementById(RemoteWebDriver.java:413)
	at org.openqa.selenium.By$ById.findElement(By.java:218)
	at org.openqa.selenium.remote.RemoteWebDriver.findElement(RemoteWebDriver.java:355)
	at com.bility.test.sanityTests.TestA.secondWebSiteA(TestA.java:39)
	at sun.reflect.NativeMethodAccessorImpl.invoke0(Native Method)
	at sun.reflect.NativeMethodAccessorImpl.invoke(NativeMethodAccessorImpl.java:62)
	at sun.reflect.DelegatingMethodAccessorImpl.invoke(DelegatingMethodAccessorImpl.java:43)
	at java.lang.reflect.Method.invoke(Method.java:497)
	at org.testng.internal.MethodInvocationHelper.invokeMethod(MethodInvocationHelper.java:85)
	at org.testng.internal.Invoker.invokeMethod(Invoker.java:639)
	at org.testng.internal.Invoker.invokeTestMethod(Invoker.java:816)
	at org.testng.internal.Invoker.invokeTestMethods(Invoker.java:1124)
	at org.testng.internal.TestMethodWorker.invokeTestMethods(TestMethodWorker.java:125)
	at org.testng.internal.TestMethodWorker.run(TestMethodWorker.java:108)
	at java.util.concurrent.ThreadPoolExecutor.runWorker(ThreadPoolExecutor.java:1142)
	at java.util.concurrent.ThreadPoolExecutor$Worker.run(ThreadPoolExecutor.java:617)
	at java.lang.Thread.run(Thread.java:745)
</div>
</div>
<p class='totop'><a href='#summary'>back to summary</a></p>
<h2 id=m2>com.bility.test.sanityTests.TestB:secondTestCaseB</h2>
<div>
<div class=stacktrace>java.lang.AssertionError: Failing this Test
	at org.testng.Assert.fail(Assert.java:94)
	at com.bility.test.sanityTests.TestB.secondTestCaseB(TestB.java:20)
	at sun.reflect.NativeMethodAccessorImpl.invoke0(Native Method)
	at sun.reflect.NativeMethodAccessorImpl.invoke(NativeMethodAccessorImpl.java:62)
	at sun.reflect.DelegatingMethodAccessorImpl.invoke(DelegatingMethodAccessorImpl.java:43)
	at java.lang.reflect.Method.invoke(Method.java:497)
	at org.testng.internal.MethodInvocationHelper.invokeMethod(MethodInvocationHelper.java:85)
	at org.testng.internal.Invoker.invokeMethod(Invoker.java:639)
	at org.testng.internal.Invoker.invokeTestMethod(Invoker.java:816)
	at org.testng.internal.Invoker.invokeTestMethods(Invoker.java:1124)
	at org.testng.internal.TestMethodWorker.invokeTestMethods(TestMethodWorker.java:125)
	at org.testng.internal.TestMethodWorker.run(TestMethodWorker.java:108)
	at java.util.concurrent.ThreadPoolExecutor.runWorker(ThreadPoolExecutor.java:1142)
	at java.util.concurrent.ThreadPoolExecutor$Worker.run(ThreadPoolExecutor.java:617)
	at java.lang.Thread.run(Thread.java:745)
</div>
</div>
<p class='totop'><a href='#summary'>back to summary</a></p>
<h2 id=m3>com.bility.test.sanityTests.TestC:secondTestCaseB</h2>
<div>
<div class=stacktrace>org.testng.SkipException: Skipping this test with exception
	at com.bility.test.sanityTests.TestC.secondTestCaseB(TestC.java:19)
	at sun.reflect.NativeMethodAccessorImpl.invoke0(Native Method)
	at sun.reflect.NativeMethodAccessorImpl.invoke(NativeMethodAccessorImpl.java:62)
	at sun.reflect.DelegatingMethodAccessorImpl.invoke(DelegatingMethodAccessorImpl.java:43)
	at java.lang.reflect.Method.invoke(Method.java:497)
	at org.testng.internal.MethodInvocationHelper.invokeMethod(MethodInvocationHelper.java:85)
	at org.testng.internal.Invoker.invokeMethod(Invoker.java:639)
	at org.testng.internal.Invoker.invokeTestMethod(Invoker.java:816)
	at org.testng.internal.Invoker.invokeTestMethods(Invoker.java:1124)
	at org.testng.internal.TestMethodWorker.invokeTestMethods(TestMethodWorker.java:125)
	at org.testng.internal.TestMethodWorker.run(TestMethodWorker.java:108)
	at java.util.concurrent.ThreadPoolExecutor.runWorker(ThreadPoolExecutor.java:1142)
	at java.util.concurrent.ThreadPoolExecutor$Worker.run(ThreadPoolExecutor.java:617)
	at java.lang.Thread.run(Thread.java:745)
</div>
</div>
<p class='totop'><a href='#summary'>back to summary</a></p>
<h2 id=m4>com.bility.test.sanityTests.TestA:firstTestCaseA</h2>
<p class='totop'><a href='#summary'>back to summary</a></p>
<h2 id=m5>com.bility.test.sanityTests.TestA:testYahooSearch</h2>
<p class='totop'><a href='#summary'>back to summary</a></p>
<h2 id=m6>com.bility.test.sanityTests.TestA:thirdTestCaseA</h2>
<p class='totop'><a href='#summary'>back to summary</a></p>
<h2 id=m7>com.bility.test.sanityTests.TestB:fifthTestCaseB</h2>
<p class='totop'><a href='#summary'>back to summary</a></p>
<h2 id=m8>com.bility.test.sanityTests.TestB:firstTestCaseB</h2>
<p class='totop'><a href='#summary'>back to summary</a></p>
<h2 id=m9>com.bility.test.sanityTests.TestB:fourthTestCaseB</h2>
<p class='totop'><a href='#summary'>back to summary</a></p>
<h2 id=m10>com.bility.test.sanityTests.TestB:thirdTestCaseB</h2>
<p class='totop'><a href='#summary'>back to summary</a></p>
<h2 id=m11>com.bility.test.sanityTests.TestC:firstTestCaseB</h2>
<p class='totop'><a href='#summary'>back to summary</a></p>
<center> TestNG Report </center>
</body></html>
